<?xml version="1.0" encoding="UTF-8"?>
<!-- Generated by org.testng.reporters.JUnitReportReporter -->
<testsuite hostname="rkvarma4518" failures="0" tests="1" name="MyRunner.TestNGTestRunner" time="4.989" errors="0" timestamp="2024-09-11T23:15:57 IST" skipped="0">
  <testcase classname="MyRunner.TestNGTestRunner" name="runScenario" time="4.989"/>
  <system-out/>
</testsuite> <!-- MyRunner.TestNGTestRunner -->
